

Started GET "/assets/rails.png" for 127.0.0.1 at 2013-01-14 11:29:42 +0000
Connecting to database specified by database.yml
Served asset /rails.png - 304 Not Modified (5ms)


Started GET "/assets/rails.png" for 127.0.0.1 at 2013-01-14 11:38:36 +0000
Connecting to database specified by database.yml
Served asset /rails.png - 304 Not Modified (2ms)


Started GET "/assets/rails.png" for 127.0.0.1 at 2013-01-14 11:38:52 +0000
Served asset /rails.png - 304 Not Modified (0ms)


Started GET "/page/home" for 127.0.0.1 at 2013-01-14 12:10:27 +0000
Connecting to database specified by database.yml

ActionController::RoutingError (No route matches [GET] "/page/home"):
  actionpack (3.2.11) lib/action_dispatch/middleware/debug_exceptions.rb:21:in `call'
  actionpack (3.2.11) lib/action_dispatch/middleware/show_exceptions.rb:56:in `call'
  railties (3.2.11) lib/rails/rack/logger.rb:32:in `call_app'
  railties (3.2.11) lib/rails/rack/logger.rb:16:in `block in call'
  activesupport (3.2.11) lib/active_support/tagged_logging.rb:22:in `tagged'
  railties (3.2.11) lib/rails/rack/logger.rb:16:in `call'
  actionpack (3.2.11) lib/action_dispatch/middleware/request_id.rb:22:in `call'
  rack (1.4.4) lib/rack/methodoverride.rb:21:in `call'
  rack (1.4.4) lib/rack/runtime.rb:17:in `call'
  activesupport (3.2.11) lib/active_support/cache/strategy/local_cache.rb:72:in `call'
  rack (1.4.4) lib/rack/lock.rb:15:in `call'
  actionpack (3.2.11) lib/action_dispatch/middleware/static.rb:62:in `call'
  railties (3.2.11) lib/rails/engine.rb:479:in `call'
  railties (3.2.11) lib/rails/application.rb:223:in `call'
  rack (1.4.4) lib/rack/content_length.rb:14:in `call'
  railties (3.2.11) lib/rails/rack/log_tailer.rb:17:in `call'
  rack (1.4.4) lib/rack/handler/webrick.rb:59:in `service'
  /usr/local/rvm/rubies/ruby-1.9.3-p194/lib/ruby/1.9.1/webrick/httpserver.rb:138:in `service'
  /usr/local/rvm/rubies/ruby-1.9.3-p194/lib/ruby/1.9.1/webrick/httpserver.rb:94:in `run'
  /usr/local/rvm/rubies/ruby-1.9.3-p194/lib/ruby/1.9.1/webrick/server.rb:191:in `block in start_thread'


  Rendered /usr/local/rvm/gems/ruby-1.9.3-p194/gems/actionpack-3.2.11/lib/action_dispatch/middleware/templates/rescues/routing_error.erb within rescues/layout (3.2ms)


Started GET "/pages/home" for 127.0.0.1 at 2013-01-14 12:10:31 +0000
Processing by PagesController#home as HTML
  Rendered pages/home.html.erb within layouts/application (0.3ms)
Compiled pages.css  (67ms)  (pid 8200)
Compiled application.css  (75ms)  (pid 8200)
Compiled jquery.js  (3ms)  (pid 8200)
Compiled jquery_ujs.js  (0ms)  (pid 8200)
Compiled pages.js  (100ms)  (pid 8200)
Compiled application.js  (167ms)  (pid 8200)
Completed 200 OK in 284ms (Views: 283.6ms | ActiveRecord: 0.0ms)


Started GET "/assets/application.css?body=1" for 127.0.0.1 at 2013-01-14 12:10:32 +0000
Served asset /application.css - 200 OK (3ms)


Started GET "/assets/pages.css?body=1" for 127.0.0.1 at 2013-01-14 12:10:32 +0000
Served asset /pages.css - 200 OK (12ms)


Started GET "/assets/pages.js?body=1" for 127.0.0.1 at 2013-01-14 12:10:32 +0000
Served asset /pages.js - 200 OK (1ms)


Started GET "/assets/jquery_ujs.js?body=1" for 127.0.0.1 at 2013-01-14 12:10:32 +0000
Served asset /jquery_ujs.js - 200 OK (2ms)


Started GET "/assets/jquery.js?body=1" for 127.0.0.1 at 2013-01-14 12:10:32 +0000
Served asset /jquery.js - 200 OK (4ms)


Started GET "/pages/home" for 127.0.0.1 at 2013-01-14 12:11:01 +0000
Processing by PagesController#home as HTML
  Rendered pages/home.html.erb within layouts/application (0.0ms)
Completed 200 OK in 5ms (Views: 5.0ms | ActiveRecord: 0.0ms)


Started GET "/assets/pages.css?body=1" for 127.0.0.1 at 2013-01-14 12:11:01 +0000
Served asset /pages.css - 304 Not Modified (0ms)


Started GET "/assets/application.js?body=1" for 127.0.0.1 at 2013-01-14 12:11:01 +0000
Served asset /application.js - 200 OK (6ms)


Started GET "/assets/rails.png" for 127.0.0.1 at 2013-01-14 12:11:09 +0000
Served asset /rails.png - 304 Not Modified (1ms)


Started GET "/assets/rails.png" for 127.0.0.1 at 2013-01-14 12:11:53 +0000
Served asset /rails.png - 304 Not Modified (0ms)


Started GET "/assets/rails.png" for 127.0.0.1 at 2013-01-14 12:18:31 +0000
Served asset /rails.png - 304 Not Modified (0ms)


Started GET "/pages/home" for 127.0.0.1 at 2013-01-14 12:18:46 +0000
Processing by PagesController#home as HTML
  Rendered pages/home.html.erb within layouts/application (0.0ms)
Completed 200 OK in 5ms (Views: 4.7ms | ActiveRecord: 0.0ms)


Started GET "/assets/application.css?body=1" for 127.0.0.1 at 2013-01-14 12:18:46 +0000
Served asset /application.css - 304 Not Modified (0ms)


Started GET "/assets/pages.css?body=1" for 127.0.0.1 at 2013-01-14 12:18:46 +0000
Served asset /pages.css - 304 Not Modified (0ms)


Started GET "/assets/jquery_ujs.js?body=1" for 127.0.0.1 at 2013-01-14 12:18:46 +0000
Served asset /jquery_ujs.js - 304 Not Modified (0ms)


Started GET "/assets/jquery.js?body=1" for 127.0.0.1 at 2013-01-14 12:18:46 +0000
Served asset /jquery.js - 304 Not Modified (1ms)


Started GET "/assets/pages.js?body=1" for 127.0.0.1 at 2013-01-14 12:18:46 +0000
Served asset /pages.js - 304 Not Modified (0ms)


Started GET "/assets/application.js?body=1" for 127.0.0.1 at 2013-01-14 12:18:46 +0000
Served asset /application.js - 304 Not Modified (2ms)


Started GET "/assets/rails.png" for 127.0.0.1 at 2013-01-14 12:19:06 +0000
Served asset /rails.png - 200 OK (0ms)


Started GET "/pages/about" for 127.0.0.1 at 2013-01-14 12:19:58 +0000
Processing by PagesController#about as HTML
  Rendered pages/about.html.erb within layouts/application (0.4ms)
Completed 200 OK in 6ms (Views: 5.5ms | ActiveRecord: 0.0ms)


Started GET "/assets/application.css?body=1" for 127.0.0.1 at 2013-01-14 12:19:59 +0000
Served asset /application.css - 304 Not Modified (0ms)


Started GET "/assets/pages.css?body=1" for 127.0.0.1 at 2013-01-14 12:19:59 +0000
Served asset /pages.css - 304 Not Modified (0ms)


Started GET "/assets/jquery.js?body=1" for 127.0.0.1 at 2013-01-14 12:19:59 +0000
Served asset /jquery.js - 304 Not Modified (1ms)


Started GET "/assets/jquery_ujs.js?body=1" for 127.0.0.1 at 2013-01-14 12:19:59 +0000
Served asset /jquery_ujs.js - 304 Not Modified (0ms)


Started GET "/assets/pages.js?body=1" for 127.0.0.1 at 2013-01-14 12:19:59 +0000
Served asset /pages.js - 304 Not Modified (0ms)


Started GET "/assets/application.js?body=1" for 127.0.0.1 at 2013-01-14 12:19:59 +0000
Served asset /application.js - 304 Not Modified (2ms)
